生成启动时间为 2013/10/8 22:54:16。
     1>项目“E:\projects\inpaint\Inpaint.vcxproj”在节点 2 上(build 个目标)。
     1>InitializeBuildStatus:
         正在创建“Release\Inpaint.unsuccessfulbuild”，因为已指定“AlwaysCreate”。
       ClCompile:
         D:\Microsoft Visual Studio 10.0\VC\bin\CL.exe /c /Zi /nologo /W3 /WX- /O2 /Oi /Oy- /GL /D _WINDLL /D _MBCS /Gm- /EHsc /MD /GS /Gy /fp:precise /Zc:wchar_t /Zc:forScope /Fo"Release\\" /Fd"Release\vc100.pdb" /Gd /TP /analyze- /errorReport:prompt com_baguo_inpaint_BGInpaintEngine.cpp
         com_baguo_inpaint_BGInpaintEngine.cpp
       Link:
         D:\Microsoft Visual Studio 10.0\VC\bin\link.exe /ERRORREPORT:PROMPT /OUT:"E:\projects\inpaint\Release\libBGInpaint.dll" /NOLOGO opencv_calib3d244.lib opencv_contrib244.lib opencv_core244.lib opencv_features2d244.lib opencv_flann244.lib opencv_gpu244.lib opencv_highgui244.lib opencv_imgproc244.lib opencv_legacy244.lib opencv_ml244.lib opencv_objdetect244.lib opencv_ts244.lib opencv_video244.lib opencv_photo244.lib kernel32.lib user32.lib gdi32.lib winspool.lib comdlg32.lib advapi32.lib shell32.lib ole32.lib oleaut32.lib uuid.lib odbc32.lib odbccp32.lib /MANIFEST /ManifestFile:"Release\libBGInpaint.dll.intermediate.manifest" /MANIFESTUAC:"level='asInvoker' uiAccess='false'" /DEBUG /PDB:"E:\projects\inpaint\Release\libBGInpaint.pdb" /OPT:REF /OPT:ICF /LTCG /TLBID:1 /DYNAMICBASE /NXCOMPAT /IMPLIB:"E:\projects\inpaint\Release\libBGInpaint.lib" /MACHINE:X86 /DLL Release\com_baguo_inpaint_BGInpaintEngine.obj
         Release\ClsApp.obj
         Release\ClsObject.obj
         Release\ClsPicture.obj
         Release\ClsProc.obj
         Release\utils.obj
            正在创建库 E:\projects\inpaint\Release\libBGInpaint.lib 和对象 E:\projects\inpaint\Release\libBGInpaint.exp
         正在生成代码
         已完成代码的生成
         Inpaint.vcxproj -> E:\projects\inpaint\Release\libBGInpaint.dll
       Manifest:
         C:\Program Files\Microsoft SDKs\Windows\v7.0A\bin\mt.exe /nologo /verbose /outputresource:"E:\projects\inpaint\Release\libBGInpaint.dll;#2" /manifest Release\libBGInpaint.dll.intermediate.manifest
       FinalizeBuildStatus:
         正在删除文件“Release\Inpaint.unsuccessfulbuild”。
         正在对“Release\Inpaint.lastbuildstate”执行 Touch 任务。
     1>已完成生成项目“E:\projects\inpaint\Inpaint.vcxproj”(build 个目标)的操作。

生成成功。

已用时间 00:00:01.52
